<?xml version="1.0" encoding="UTF-8"?>
<!-- Generated by org.testng.reporters.JUnitReportReporter -->
<testsuite hostname="SARAL-LAPTOP" failures="0" tests="8" name="demo.multiplevalidation" time="2.997" errors="0" timestamp="2022-07-07T16:06:57 CST" skipped="0">
  <testcase classname="demo.multiplevalidation" name="verifymonsterpageTitle" time="0.240"/>
  <system-out/>
  <testcase classname="demo.multiplevalidation" name="verifymonsterpageTitle" time="0.431"/>
  <system-out/>
  <testcase classname="demo.multiplevalidation" name="veriftText" time="0.566"/>
  <system-out/>
  <testcase classname="demo.multiplevalidation" name="veriftText" time="0.140"/>
  <system-out/>
  <testcase classname="demo.multiplevalidation" name="loginbtnvisible" time="1.358"/>
  <system-out/>
  <testcase classname="demo.multiplevalidation" name="loginbtnvisible" time="0.094"/>
  <system-out/>
  <testcase classname="demo.multiplevalidation" name="searchbtnenable" time="0.079"/>
  <system-out/>
  <testcase classname="demo.multiplevalidation" name="searchbtnenable" time="0.089"/>
  <system-out/>
</testsuite> <!-- demo.multiplevalidation -->
