<?xml version="1.0" encoding="UTF-8"?>
<!-- Generated by org.testng.reporters.JUnitReportReporter -->
<testsuite hostname="SARAL-LAPTOP" failures="0" tests="1" name="demo.VerifyPageTitle" time="0.031" errors="0" timestamp="2022-07-06T14:07:43 CST" skipped="0">
  <testcase classname="demo.VerifyPageTitle" name="verifyTitle" time="0.031"/>
  <system-out/>
</testsuite> <!-- demo.VerifyPageTitle -->
